This file contains any messages produced by compilers while
running configure, to aid debugging if configure makes a mistake.

It was created by GNU C Library configure (see version.h), which was
generated by GNU Autoconf 2.69.  Invocation command line was

  $ ../glibc/configure --prefix=/home/uprhan/hanglibc/install --host=x86_64-linux-gnu --build=x86_64-linux-gnu CC=gcc -m64 CXX=g++ -m64 CFLAGS=-O2 CXXFLAGS=-O2

## --------- ##
## Platform. ##
## --------- ##

hostname = rabbit
uname -m = x86_64
uname -r = 6.5.0-17-generic
uname -s = Linux
uname -v = #17~22.04.1-Ubuntu SMP PREEMPT_DYNAMIC Tue Jan 16 14:32:32 UTC 2

/usr/bin/uname -p = x86_64
/bin/uname -X     = unknown

/bin/arch              = x86_64
/usr/bin/arch -k       = unknown
/usr/convex/getsysinfo = unknown
/usr/bin/hostinfo      = unknown
/bin/machine           = unknown
/usr/bin/oslevel       = unknown
/bin/universe          = unknown

PATH: /usr/local/sbin
PATH: /usr/local/bin
PATH: /usr/sbin
PATH: /usr/bin
PATH: /sbin
PATH: /bin
PATH: /usr/games
PATH: /usr/local/games
PATH: /snap/bin
PATH: /snap/bin


## ----------- ##
## Core tests. ##
## ----------- ##

configure:2266: checking build system type
configure:2280: result: x86_64-pc-linux-gnu
configure:2300: checking host system type
configure:2313: result: x86_64-pc-linux-gnu
configure:2342: checking for x86_64-linux-gnu-gcc
configure:2369: result: gcc -m64
configure:2638: checking for C compiler version
configure:2647: gcc -m64 --version >&5
gcc (Ubuntu 11.4.0-1ubuntu1~22.04) 11.4.0
Copyright (C) 2021 Free Software Foundation, Inc.
This is free software; see the source for copying conditions.  There is NO
warranty; not even for MERCHANTABILITY or FITNESS FOR A PARTICULAR PURPOSE.

configure:2658: $? = 0
configure:2647: gcc -m64 -v >&5
Using built-in specs.
COLLECT_GCC=gcc
COLLECT_LTO_WRAPPER=/usr/lib/gcc/x86_64-linux-gnu/11/lto-wrapper
OFFLOAD_TARGET_NAMES=nvptx-none:amdgcn-amdhsa
OFFLOAD_TARGET_DEFAULT=1
Target: x86_64-linux-gnu
Configured with: ../src/configure -v --with-pkgversion='Ubuntu 11.4.0-1ubuntu1~22.04' --with-bugurl=file:///usr/share/doc/gcc-11/README.Bugs --enable-languages=c,ada,c++,go,brig,d,fortran,objc,obj-c++,m2 --prefix=/usr --with-gcc-major-version-only --program-suffix=-11 --program-prefix=x86_64-linux-gnu- --enable-shared --enable-linker-build-id --libexecdir=/usr/lib --without-included-gettext --enable-threads=posix --libdir=/usr/lib --enable-nls --enable-bootstrap --enable-clocale=gnu --enable-libstdcxx-debug --enable-libstdcxx-time=yes --with-default-libstdcxx-abi=new --enable-gnu-unique-object --disable-vtable-verify --enable-plugin --enable-default-pie --with-system-zlib --enable-libphobos-checking=release --with-target-system-zlib=auto --enable-objc-gc=auto --enable-multiarch --disable-werror --enable-cet --with-arch-32=i686 --with-abi=m64 --with-multilib-list=m32,m64,mx32 --enable-multilib --with-tune=generic --enable-offload-targets=nvptx-none=/build/gcc-11-XeT9lY/gcc-11-11.4.0/debian/tmp-nvptx/usr,amdgcn-amdhsa=/build/gcc-11-XeT9lY/gcc-11-11.4.0/debian/tmp-gcn/usr --without-cuda-driver --enable-checking=release --build=x86_64-linux-gnu --host=x86_64-linux-gnu --target=x86_64-linux-gnu --with-build-config=bootstrap-lto-lean --enable-link-serialization=2
Thread model: posix
Supported LTO compression algorithms: zlib zstd
gcc version 11.4.0 (Ubuntu 11.4.0-1ubuntu1~22.04) 
... rest of stderr output deleted ...
configure:2658: $? = 0
configure:2647: gcc -m64 -V >&5
gcc: error: unrecognized command-line option '-V'
gcc: fatal error: no input files
compilation terminated.
configure:2658: $? = 1
configure:2647: gcc -m64 -qversion >&5
gcc: error: unrecognized command-line option '-qversion'; did you mean '--version'?
gcc: fatal error: no input files
compilation terminated.
configure:2658: $? = 1
configure:2663: checking for suffix of object files
configure:2685: gcc -m64 -c -O2  conftest.c >&5
configure:2689: $? = 0
configure:2710: result: o
configure:2714: checking whether we are using the GNU C compiler
configure:2733: gcc -m64 -c -O2  conftest.c >&5
configure:2733: $? = 0
configure:2742: result: yes
configure:2751: checking whether gcc -m64 accepts -g
configure:2771: gcc -m64 -c -g  conftest.c >&5
configure:2771: $? = 0
configure:2812: result: yes
configure:2892: checking for x86_64-linux-gnu-readelf
configure:2908: found /usr/bin/x86_64-linux-gnu-readelf
configure:2919: result: x86_64-linux-gnu-readelf
configure:3095: checking for C++ compiler version
configure:3104: g++ -m64 --version >&5
g++ (Ubuntu 11.4.0-1ubuntu1~22.04) 11.4.0
Copyright (C) 2021 Free Software Foundation, Inc.
This is free software; see the source for copying conditions.  There is NO
warranty; not even for MERCHANTABILITY or FITNESS FOR A PARTICULAR PURPOSE.

configure:3115: $? = 0
configure:3104: g++ -m64 -v >&5
Using built-in specs.
COLLECT_GCC=g++
COLLECT_LTO_WRAPPER=/usr/lib/gcc/x86_64-linux-gnu/11/lto-wrapper
OFFLOAD_TARGET_NAMES=nvptx-none:amdgcn-amdhsa
OFFLOAD_TARGET_DEFAULT=1
Target: x86_64-linux-gnu
Configured with: ../src/configure -v --with-pkgversion='Ubuntu 11.4.0-1ubuntu1~22.04' --with-bugurl=file:///usr/share/doc/gcc-11/README.Bugs --enable-languages=c,ada,c++,go,brig,d,fortran,objc,obj-c++,m2 --prefix=/usr --with-gcc-major-version-only --program-suffix=-11 --program-prefix=x86_64-linux-gnu- --enable-shared --enable-linker-build-id --libexecdir=/usr/lib --without-included-gettext --enable-threads=posix --libdir=/usr/lib --enable-nls --enable-bootstrap --enable-clocale=gnu --enable-libstdcxx-debug --enable-libstdcxx-time=yes --with-default-libstdcxx-abi=new --enable-gnu-unique-object --disable-vtable-verify --enable-plugin --enable-default-pie --with-system-zlib --enable-libphobos-checking=release --with-target-system-zlib=auto --enable-objc-gc=auto --enable-multiarch --disable-werror --enable-cet --with-arch-32=i686 --with-abi=m64 --with-multilib-list=m32,m64,mx32 --enable-multilib --with-tune=generic --enable-offload-targets=nvptx-none=/build/gcc-11-XeT9lY/gcc-11-11.4.0/debian/tmp-nvptx/usr,amdgcn-amdhsa=/build/gcc-11-XeT9lY/gcc-11-11.4.0/debian/tmp-gcn/usr --without-cuda-driver --enable-checking=release --build=x86_64-linux-gnu --host=x86_64-linux-gnu --target=x86_64-linux-gnu --with-build-config=bootstrap-lto-lean --enable-link-serialization=2
Thread model: posix
Supported LTO compression algorithms: zlib zstd
gcc version 11.4.0 (Ubuntu 11.4.0-1ubuntu1~22.04) 
... rest of stderr output deleted ...
configure:3115: $? = 0
configure:3104: g++ -m64 -V >&5
g++: error: unrecognized command-line option '-V'
g++: fatal error: no input files
compilation terminated.
configure:3115: $? = 1
configure:3104: g++ -m64 -qversion >&5
g++: error: unrecognized command-line option '-qversion'; did you mean '--version'?
g++: fatal error: no input files
compilation terminated.
configure:3115: $? = 1
configure:3119: checking whether we are using the GNU C++ compiler
configure:3138: g++ -m64 -c -O2  conftest.cpp >&5
configure:3138: $? = 0
configure:3147: result: yes
configure:3156: checking whether g++ -m64 accepts -g
configure:3176: g++ -m64 -c -g  conftest.cpp >&5
configure:3176: $? = 0
configure:3217: result: yes
configure:3242: checking whether g++ -m64 can link programs
configure:3265: g++ -m64 -o conftest -O2   conftest.cpp  >&5
configure:3265: $? = 0
configure:3288: g++ -m64 -o conftest -O2   -static conftest.cpp  >&5
configure:3288: $? = 0
configure:3303: result: yes
configure:3843: gcc -m64 -E  conftest.c
configure:3843: $? = 0
configure:3915: checking for sysdeps preconfigure fragments
configure:6: checking for grep that handles long lines and -e
configure:64: result: /usr/bin/grep
configure:69: checking for egrep
configure:131: result: /usr/bin/grep -E
configure:6: checking for grep that handles long lines and -e
configure:64: result: /usr/bin/grep
configure:69: checking for egrep
configure:131: result: /usr/bin/grep -E
configure:9: checking whether gcc -m64 compiles in -mx32 mode by default
configure:27: gcc -m64 -c -O2  conftest.c >&5
conftest.c:15:3: error: #error not x32
   15 | # error not x32
      |   ^~~~~
configure:27: $? = 1
configure: failed program was:
| /* confdefs.h */
| #define PACKAGE_NAME "GNU C Library"
| #define PACKAGE_TARNAME "glibc"
| #define PACKAGE_VERSION "(see version.h)"
| #define PACKAGE_STRING "GNU C Library (see version.h)"
| #define PACKAGE_BUGREPORT "https://sourceware.org/bugzilla/"
| #define PACKAGE_URL "https://www.gnu.org/software/glibc/"
| #define PKGVERSION "(GNU libc) "
| #define REPORT_BUGS_TO "<https://www.gnu.org/software/libc/bugs.html>"
| #define TIMEOUTFACTOR 1
| #define HAVE_TUNABLES 1
| #define USE_PPC_SCV 1
| /* end confdefs.h.  */
| #ifndef __ILP32__
| # error not x32
| #endif
| int
| main ()
| {
| 
|   ;
|   return 0;
| }
configure:34: result: no
configure:3922: result: 
configure:3952: checking for use of fpu sysdeps directories
configure:3971: result: yes
configure:3975: checking for -fstack-protector
configure:3981: gcc -m64 -O2  -Werror -fstack-protector -xc /dev/null -S -o /dev/null
configure:3984: $? = 0
configure:3992: result: yes
configure:3995: checking for -fstack-protector-strong
configure:4001: gcc -m64 -O2  -Werror -fstack-protector-strong -xc /dev/null -S -o /dev/null
configure:4004: $? = 0
configure:4012: result: yes
configure:4015: checking for -fstack-protector-all
configure:4021: gcc -m64 -O2  -Werror -fstack-protector-all -xc /dev/null -S -o /dev/null
configure:4024: $? = 0
configure:4032: result: yes
configure:4075: checking for assembler and linker STT_GNU_IFUNC support

Relocation section '.rela.dyn' at offset 0x248 contains 1 entry:
  Offset          Info           Type           Sym. Value    Sym. Name + Addend
000000002000  000000000025 R_X86_64_IRELATIV                    1000
configure:4106: result: yes
configure:4110: checking for gcc attribute ifunc support
configure:4136: result: yes
configure:4141: checking whether the linker supports textrels along with ifunc
configure:4171: gcc -m64 -O2   -nostartfiles -nostdlib -fno-stack-protector -pie -o conftest conftest.S
/usr/bin/ld: /tmp/ccMgwUOF.o: warning: relocation against `address' in read-only section `.text'
/usr/bin/ld: warning: GNU indirect functions with DT_TEXTREL may result in a segfault at runtime; recompile with -fPIE
/usr/bin/ld: warning: creating DT_TEXTREL in a PIE
configure:4174: $? = 0
configure:4181: result: yes
configure:4186: checking for GNU attribute retain support
configure:4201: result: yes
configure:4211: checking if compiler warns about alias for function with incompatible types
conftest.c:9:34: error: 'foo_alias' alias between functions of incompatible types 'int(const void *, int)' and 'int (*(void))(const void *, int)' [-Werror=attribute-alias=]
    9 | extern __typeof (__redirect_foo) foo_alias __attribute__ ((alias ("foo")));
      |                                  ^~~~~~~~~
conftest.c:4:28: note: aliased declaration here
    4 | __typeof (__redirect_foo) *foo_impl (void)
      |                            ^~~~~~~~
cc1: all warnings being treated as errors
configure:4233: result: yes
configure:4271: checking sysdep dirs
configure:4469: result: sysdeps/generic
configure:4489: checking for a BSD-compatible install
configure:4557: result: /usr/bin/install -c
configure:4572: checking whether ln -s works
configure:4576: result: yes
configure:4606: checking whether as is GNU as
configure:4620: result: yes
configure:4625: checking whether ld is GNU ld
configure:4639: result: yes
configure:4649: checking for as
configure:4676: result: as
configure:4691: checking version of as
configure:4701: result: 2.38, ok
configure:4849: checking for ld
configure:4876: result: ld
configure:4891: checking version of ld
configure:4901: result: 2.38, ok
configure:4918: checking for gnumake
configure:4948: result: no
configure:4918: checking for gmake
configure:4934: found /usr/bin/gmake
configure:4945: result: gmake
configure:4960: checking version of gmake
configure:4970: result: 4.3, ok
configure:4982: checking for gnumsgfmt
configure:5012: result: no
configure:4982: checking for gmsgfmt
configure:5012: result: no
configure:4982: checking for msgfmt
configure:5012: result: no
configure:5045: checking for makeinfo
configure:5075: result: no
configure:5108: checking for sed
configure:5124: found /usr/bin/sed
configure:5135: result: sed
configure:5150: checking version of sed
configure:5160: result: 4.8, ok
configure:5171: checking for gawk
configure:5187: found /usr/bin/gawk
configure:5198: result: gawk
configure:5213: checking version of gawk
configure:5223: result: 5.1.0, ok
configure:5234: checking for bison
configure:5250: found /usr/bin/bison
configure:5261: result: bison
configure:5276: checking version of bison
configure:5286: result: 3.8.2, ok
configure:5294: checking if gcc -m64 is sufficient to build libc
configure:5314: gcc -m64 -E  conftest.c
configure:5314: $? = 0
configure:5321: result: yes
configure:5330: checking for x86_64-linux-gnu-nm
configure:5346: found /usr/bin/x86_64-linux-gnu-nm
configure:5357: result: x86_64-linux-gnu-nm
configure:5495: checking for python3
configure:5511: found /usr/bin/python3
configure:5522: result: python3
configure:5537: checking version of python3
configure:5547: result: 3.10.12, ok
configure:5564: WARNING:
*** These auxiliary programs are missing or incompatible versions: msgfmt makeinfo
*** some features or tests will be disabled.
*** Check the INSTALL file for required versions.
configure:5615: checking LD_LIBRARY_PATH variable
configure:5625: result: ok
configure:5636: checking for bash
configure:5654: found /usr/bin/bash
configure:5667: result: /usr/bin/bash
configure:5678: checking for perl
configure:5696: found /usr/bin/perl
configure:5709: result: /usr/bin/perl
configure:5723: checking for install-info
configure:5742: found /usr/bin/install-info
configure:5755: result: /usr/bin/install-info
configure:5764: checking for .set assembler directive
configure:5790: result: yes
configure:5797: checking linker support for protected data symbol
configure:5807: gcc -m64 -nostdlib -nostartfiles -fno-stack-protector -fPIC -shared conftest.c -o conftest.so
configure:5810: $? = 0
configure:5817: gcc -m64 -nostdlib -nostartfiles -fno-stack-protector conftest.c -o conftest conftest.so
/usr/bin/ld: warning: cannot find entry symbol _start; defaulting to 0000000000001000
configure:5820: $? = 0
configure:5828: result: yes
configure:5832: checking linker support for INSERT in linker script
configure:5850: gcc -m64 -nostdlib -nostartfiles -fno-stack-protector -fPIC -shared conftest.c -Wl,-T,conftest.t -o conftest.so
configure:5853: $? = 0
configure:5860: result: yes
configure:5864: checking for broken __attribute__((alias()))
configure:5879: gcc -m64 -Werror -S conftest.c -o conftest.s 1>&5
configure:5882: $? = 0
configure:5892: result: no
configure:5898: checking whether to put _rtld_local into .sdata section
configure:5912: result: no
configure:5919: checking for libunwind-support in compiler
configure:5936: result: no
configure:5945: checking whether --noexecstack is desirable for .S files
configure:5955: gcc -m64 -O2 
		   -S -o conftest.s conftest.c 1>&5
configure:5958: $? = 0
configure:5963: gcc -m64  -Wa,--noexecstack
		      -c -o conftest.o conftest.s 1>&5
configure:5966: $? = 0
configure:5975: result: yes
configure:5982: checking for -z combreloc
configure:5996: gcc -m64 -O2  
			-fPIC -shared -fno-stack-protector -o conftest.so conftest.c
			-nostdlib -nostartfiles
			-Wl,-z,combreloc 1>&5
configure:5999: $? = 0
configure:6012: result: yes
configure:6020: checking for linker that supports -z execstack
configure:6031: gcc -m64 -O2   -fno-stack-protector
		    -Wl,-z,execstack -nostdlib -nostartfiles
		    -fPIC -shared -o conftest.so conftest.c
		    1>&5
configure:6034: $? = 0
configure:6052: result: yes
configure:6056: checking for linker that supports -z start-stop-gc
configure:6067: gcc -m64 -O2   -fno-stack-protector
		    -Wl,-z,start-stop-gc -nostdlib -nostartfiles
		    -fPIC -shared -o conftest.so conftest.c
		    1>&5
configure:6070: $? = 0
configure:6088: result: yes
configure:6093: checking for linker that supports --depaudit
configure:6104: gcc -m64 -O2   -fno-stack-protector
		    -Wl,--depaudit,x -nostdlib -nostartfiles
		    -fPIC -shared -o conftest.so conftest.c
		    1>&5
configure:6107: $? = 0
configure:6125: result: yes
configure:6130: checking for linker that supports --no-dynamic-linker
configure:6141: gcc -m64 -O2   -fno-stack-protector
		    -Wl,--no-dynamic-linker -nostdlib -nostartfiles
		    -fPIC -shared -o conftest.so conftest.c
		    1>&5
configure:6144: $? = 0
configure:6162: result: yes
configure:6167: checking for -static-pie
configure:6173: gcc -m64 -static-pie -xc /dev/null -S -o /dev/null
configure:6176: $? = 0
configure:6184: result: yes
configure:6189: checking for -fpie
configure:6195: gcc -m64 -fpie -xc /dev/null -S -o /dev/null
configure:6198: $? = 0
configure:6206: result: yes
configure:6211: checking for --hash-style option
configure:6222: gcc -m64 -O2   -fno-stack-protector
			    -fPIC -shared -o conftest.so conftest.c
			    -Wl,--hash-style=both -nostdlib 1>&5
configure:6225: $? = 0
configure:6234: result: yes
configure:6242: checking for sufficient default -shared layout
configure:6261:   gcc -m64  -shared -o conftest.so conftest.s 1>&5
configure:6264: $? = 0
configure:6296: result: yes
configure:6301: checking for GLOB_DAT reloc
configure:6314: gcc -m64 -O2  
			-fPIC -shared -o conftest.so conftest.c
			-nostdlib -nostartfiles -fno-stack-protector
			1>&5
configure:6317: $? = 0
configure:6330: result: yes
configure:6334: checking for -fno-toplevel-reorder -fno-section-anchors
configure:6344: gcc -m64 -O2  -S -fno-toplevel-reorder -fno-section-anchors
			    conftest.c 1>&5
configure:6347: $? = 0
configure:6356: result: yes
configure:6365: checking for -mtls-dialect=gnu2
configure:6379: gcc -m64 -O2  -fPIC -mtls-dialect=gnu2 -nostdlib -nostartfiles
		   conftest.c -o conftest 1>&5
/usr/bin/ld: warning: cannot find entry symbol _start; defaulting to 0000000000001000
configure:6382: $? = 0
configure:6391: result: yes
configure:6397: checking whether cc puts quotes around section names
configure:6418: result: no
configure:6425: checking for __builtin_memset
configure:6437: gcc -m64 -O3 -S conftest.c -o - | grep -F memset > /dev/null
configure:6440: $? = 1
configure:6449: result: yes
configure:6456: checking for redirection of built-in functions
configure:6469: gcc -m64 -O3 -S conftest.c -o - | grep -F my_strstr > /dev/null
configure:6472: $? = 0
configure:6481: result: yes
configure:6487: checking for compiler option to disable generation of FMA instructions
configure:6495: gcc -m64 -ffp-contract=off -xc /dev/null -S -o /dev/null
configure:6498: $? = 0
configure:6504: result: -ffp-contract=off
configure:6537: checking if gcc -m64 accepts -fno-tree-loop-distribute-patterns with __attribute__ ((__optimize__))
configure:6550: gcc -m64 -O2  -c conftest.c
configure:6553: $? = 0
configure:6560: result: yes
configure:6568: checking for libgd
configure:6588: gcc -m64 -o conftest -O2     conftest.c  -lgd -lpng -lz -lm >&5
conftest.c:22:10: fatal error: gd.h: No such file or directory
   22 | #include <gd.h>
      |          ^~~~~~
compilation terminated.
configure:6588: $? = 1
configure: failed program was:
| /* confdefs.h */
| #define PACKAGE_NAME "GNU C Library"
| #define PACKAGE_TARNAME "glibc"
| #define PACKAGE_VERSION "(see version.h)"
| #define PACKAGE_STRING "GNU C Library (see version.h)"
| #define PACKAGE_BUGREPORT "https://sourceware.org/bugzilla/"
| #define PACKAGE_URL "https://www.gnu.org/software/glibc/"
| #define PKGVERSION "(GNU libc) "
| #define REPORT_BUGS_TO "<https://www.gnu.org/software/libc/bugs.html>"
| #define TIMEOUTFACTOR 1
| #define HAVE_TUNABLES 1
| #define USE_PPC_SCV 1
| #define HAVE_CC_NO_STACK_PROTECTOR 1
| #define STACK_PROTECTOR_LEVEL 0
| #define HAVE_GNU_RETAIN 1
| #define USE_MULTIARCH 1
| #define HAVE_ASM_SET_DIRECTIVE 1
| #define HAVE_Z_COMBRELOC 1
| #define HAVE_BUILTIN_MEMSET 1
| #define HAVE_CC_INHIBIT_LOOP_TO_LIBCALL 1
| /* end confdefs.h.  */
| #include <gd.h>
| int
| main ()
| {
| gdImagePng (0, 0)
|   ;
|   return 0;
| }
configure:6601: result: no
configure:6610: checking for is_selinux_enabled in -lselinux
configure:6635: gcc -m64 -o conftest -O2   conftest.c -lselinux   >&5
/usr/bin/ld: cannot find -lselinux: No such file or directory
collect2: error: ld returned 1 exit status
configure:6635: $? = 1
configure: failed program was:
| /* confdefs.h */
| #define PACKAGE_NAME "GNU C Library"
| #define PACKAGE_TARNAME "glibc"
| #define PACKAGE_VERSION "(see version.h)"
| #define PACKAGE_STRING "GNU C Library (see version.h)"
| #define PACKAGE_BUGREPORT "https://sourceware.org/bugzilla/"
| #define PACKAGE_URL "https://www.gnu.org/software/glibc/"
| #define PKGVERSION "(GNU libc) "
| #define REPORT_BUGS_TO "<https://www.gnu.org/software/libc/bugs.html>"
| #define TIMEOUTFACTOR 1
| #define HAVE_TUNABLES 1
| #define USE_PPC_SCV 1
| #define HAVE_CC_NO_STACK_PROTECTOR 1
| #define STACK_PROTECTOR_LEVEL 0
| #define HAVE_GNU_RETAIN 1
| #define USE_MULTIARCH 1
| #define HAVE_ASM_SET_DIRECTIVE 1
| #define HAVE_Z_COMBRELOC 1
| #define HAVE_BUILTIN_MEMSET 1
| #define HAVE_CC_INHIBIT_LOOP_TO_LIBCALL 1
| /* end confdefs.h.  */
| 
| /* Override any GCC internal prototype to avoid an error.
|    Use char because int might match the return type of a GCC
|    builtin and then its argument prototype would still apply.  */
| #ifdef __cplusplus
| extern "C"
| #endif
| char is_selinux_enabled ();
| int
| main ()
| {
| return is_selinux_enabled ();
|   ;
|   return 0;
| }
configure:6644: result: no
configure:6767: checking for _FORTIFY_SOURCE predefine
configure:6786: gcc -m64 -c -O2  conftest.c >&5
conftest.c: In function 'main':
conftest.c:28:3: error: #error bogon
   28 | # error bogon
      |   ^~~~~
configure:6786: $? = 1
configure: failed program was:
| /* confdefs.h */
| #define PACKAGE_NAME "GNU C Library"
| #define PACKAGE_TARNAME "glibc"
| #define PACKAGE_VERSION "(see version.h)"
| #define PACKAGE_STRING "GNU C Library (see version.h)"
| #define PACKAGE_BUGREPORT "https://sourceware.org/bugzilla/"
| #define PACKAGE_URL "https://www.gnu.org/software/glibc/"
| #define PKGVERSION "(GNU libc) "
| #define REPORT_BUGS_TO "<https://www.gnu.org/software/libc/bugs.html>"
| #define TIMEOUTFACTOR 1
| #define HAVE_TUNABLES 1
| #define USE_PPC_SCV 1
| #define HAVE_CC_NO_STACK_PROTECTOR 1
| #define STACK_PROTECTOR_LEVEL 0
| #define HAVE_GNU_RETAIN 1
| #define USE_MULTIARCH 1
| #define HAVE_ASM_SET_DIRECTIVE 1
| #define HAVE_Z_COMBRELOC 1
| #define HAVE_BUILTIN_MEMSET 1
| #define HAVE_CC_INHIBIT_LOOP_TO_LIBCALL 1
| /* end confdefs.h.  */
| 
| int
| main ()
| {
| 
| #ifdef _FORTIFY_SOURCE
| # error bogon
| #endif
|   ;
|   return 0;
| }
configure:6793: result: yes
configure:6800: checking whether the assembler requires one version per symbol
configure:6821: result: no
configure:6828: checking for __builtin_trap with no external dependencies
configure:6845: gcc -m64 -c -O2  conftest.c >&5
configure:6845: $? = 0
libc_undefs=''
configure:6859: result: yes
configure:6873: checking whether the C++ compiler supports thread_local
configure:6901: g++ -m64 -c -O2 -std=gnu++11  conftest.cpp >&5
configure:6901: $? = 0
configure:6910: result: yes
configure:6941: result: running configure fragment for sysdeps/unix/sysv/linux/x86_64/64
configure:6941: result: running configure fragment for sysdeps/unix/sysv/linux/x86_64
configure:6941: result: running configure fragment for sysdeps/unix/sysv/linux
configure:10: checking installed Linux kernel header files
configure:29: gcc -m64 -E  conftest.c
configure:29: $? = 0
configure:36: result: 3.2.0 or later
configure:70: checking for kernel header at least 3.2.0
configure:88: gcc -m64 -E  conftest.c
configure:88: $? = 0
configure:94: result: ok
configure:143: checking for symlinks in /home/uprhan/hanglibc/install/include
configure:160: result: ok
configure:6941: result: running configure fragment for sysdeps/gnu
configure:6941: result: running configure fragment for sysdeps/x86_64
configure:4: checking -mprefer-vector-width=128
configure:10: gcc -m64 -mprefer-vector-width=128 -xc /dev/null -S -o /dev/null
configure:13: $? = 0
configure:21: result: yes
configure:6941: result: running configure fragment for sysdeps/x86
configure:6: checking whether CET can be enabled
configure:17: gcc -m64 -c -O2 -fcf-protection -include cet.h conftest.c 1>&5
conftest.c:2:16: warning: missing terminating ' character
    2 | # error CET isn't available.
      |                ^
configure:20: $? = 0
configure:28: result: yes
configure:36: checking whether as supports CET
configure:45: gcc -m64 -c -O2 conftest.s -o conftest.o 1>&5
configure:48: $? = 0
configure:56: result: yes
configure:73: checking for linker x86 ISA level support
configure:130: gcc -m64 -O2  -nostartfiles -nostdlib -r -o conftest conftest1.S conftest2.S
configure:133: $? = 0
configure:142: result: yes
configure:147: checking for LAHF/SAHF instruction support
configure:154: gcc -m64 -O2  -fverbose-asm -S -o - -x c /dev/null
configure:157: $? = 0
configure:162: result: no
configure:168: checking for MOVBE instruction support
configure:175: gcc -m64 -O2  -fverbose-asm -S -o - -x c /dev/null
configure:178: $? = 0
configure:183: result: no
configure:7006: checking whether -fPIC is default
conftest.c:2:3: error: #error PIC is default.
    2 | # error PIC is default.
      |   ^~~~~
configure:7022: result: yes
configure:7027: checking whether -fPIE is default
conftest.c:2:3: error: #error PIE is default.
    2 | # error PIE is default.
      |   ^~~~~
configure:7043: result: yes
configure:7048: checking if we can build programs as PIE
configure:7056: gcc -m64 -c -O2  conftest.c >&5
configure:7056: $? = 0
configure:7062: result: yes
configure:7074: checking if we can build static PIE programs
configure:7085: gcc -m64 -c -O2  conftest.c >&5
configure:7085: $? = 0
configure:7092: result: yes
configure:7242: creating ./config.status

## ---------------------- ##
## Running config.status. ##
## ---------------------- ##

This file was extended by GNU C Library config.status (see version.h), which was
generated by GNU Autoconf 2.69.  Invocation command line was

  CONFIG_FILES    = 
  CONFIG_HEADERS  = 
  CONFIG_LINKS    = 
  CONFIG_COMMANDS = 
  $ ./config.status 

on rabbit

config.status:964: creating config.make
config.status:964: creating Makefile
config.status:964: creating config.h
config.status:1138: executing default commands

## ---------------- ##
## Cache variables. ##
## ---------------- ##

ac_cv_build=x86_64-pc-linux-gnu
ac_cv_c_compiler_gnu=yes
ac_cv_cxx_compiler_gnu=yes
ac_cv_env_CCC_set=
ac_cv_env_CCC_value=
ac_cv_env_CC_set=set
ac_cv_env_CC_value='gcc -m64'
ac_cv_env_CFLAGS_set=set
ac_cv_env_CFLAGS_value=-O2
ac_cv_env_CPPFLAGS_set=
ac_cv_env_CPPFLAGS_value=
ac_cv_env_CPP_set=
ac_cv_env_CPP_value=
ac_cv_env_CXXFLAGS_set=set
ac_cv_env_CXXFLAGS_value=-O2
ac_cv_env_CXX_set=set
ac_cv_env_CXX_value='g++ -m64'
ac_cv_env_LDFLAGS_set=
ac_cv_env_LDFLAGS_value=
ac_cv_env_LIBS_set=
ac_cv_env_LIBS_value=
ac_cv_env_build_alias_set=set
ac_cv_env_build_alias_value=x86_64-linux-gnu
ac_cv_env_host_alias_set=set
ac_cv_env_host_alias_value=x86_64-linux-gnu
ac_cv_env_target_alias_set=
ac_cv_env_target_alias_value=
ac_cv_host=x86_64-pc-linux-gnu
ac_cv_lib_selinux_is_selinux_enabled=no
ac_cv_objext=o
ac_cv_path_BASH_SHELL=/usr/bin/bash
ac_cv_path_EGREP='/usr/bin/grep -E'
ac_cv_path_GREP=/usr/bin/grep
ac_cv_path_INSTALL_INFO=/usr/bin/install-info
ac_cv_path_PERL=/usr/bin/perl
ac_cv_path_install='/usr/bin/install -c'
ac_cv_prog_AS=as
ac_cv_prog_AWK=gawk
ac_cv_prog_BISON=bison
ac_cv_prog_CC='gcc -m64'
ac_cv_prog_LD=ld
ac_cv_prog_MAKE=gmake
ac_cv_prog_NM=x86_64-linux-gnu-nm
ac_cv_prog_PYTHON_PROG=python3
ac_cv_prog_READELF=x86_64-linux-gnu-readelf
ac_cv_prog_SED=sed
ac_cv_prog_cc_g=yes
ac_cv_prog_cxx_g=yes
libc_cv_as_noexecstack=yes
libc_cv_asm_set_directive=yes
libc_cv_broken_alias_attribute=no
libc_cv_builtin_trap=yes
libc_cv_cc_loop_to_function=yes
libc_cv_cc_mprefer_vector_width=yes
libc_cv_cc_nofma=-ffp-contract=off
libc_cv_cc_pie_default=yes
libc_cv_cc_with_libunwind=no
libc_cv_compiler_default_cet=yes
libc_cv_compiler_ok=yes
libc_cv_cxx_link_ok=yes
libc_cv_cxx_thread_local=yes
libc_cv_depaudit=yes
libc_cv_fno_toplevel_reorder=yes
libc_cv_fpie=yes
libc_cv_gcc_builtin_memset=yes
libc_cv_gcc_builtin_redirection=yes
libc_cv_gcc_incompatible_alias=yes
libc_cv_gcc_indirect_function=yes
libc_cv_gcc_unwind_find_fde=no
libc_cv_gnu_retain=yes
libc_cv_has_glob_dat=yes
libc_cv_hashstyle=yes
libc_cv_have_sdata_section=no
libc_cv_have_section_quotes=no
libc_cv_have_x86_lahf_sahf=no
libc_cv_have_x86_movbe=no
libc_cv_idn=no
libc_cv_include_x86_isa_level=yes
libc_cv_insert=yes
libc_cv_ld_gnu_indirect_function=yes
libc_cv_linux320='3.2.0 or later'
libc_cv_localstatedir='${prefix}/var'
libc_cv_mtls_dialect_gnu2=yes
libc_cv_multidir=.
libc_cv_no_dynamic_linker=yes
libc_cv_nss_crypt=no
libc_cv_pic_default=yes
libc_cv_pie_supported=yes
libc_cv_predef_fortify_source=yes
libc_cv_prog_as_gnu=yes
libc_cv_prog_ld_gnu=yes
libc_cv_protected_data=yes
libc_cv_ssp=yes
libc_cv_ssp_all=yes
libc_cv_ssp_strong=yes
libc_cv_static_nss_crypt=no
libc_cv_static_pie=yes
libc_cv_static_pie_supported=yes
libc_cv_symver_needs_alias=no
libc_cv_sysconfdir='${prefix}/etc'
libc_cv_textrel_ifunc=yes
libc_cv_use_default_link=yes
libc_cv_with_fp=yes
libc_cv_with_lld=no
libc_cv_x32=no
libc_cv_x86_cet_as=yes
libc_cv_x86_cet_available=yes
libc_cv_z_combreloc=yes
libc_cv_z_execstack=yes
libc_cv_z_start_stop_gc=yes

## ----------------- ##
## Output variables. ##
## ----------------- ##

AR='ar'
AS='as'
ASFLAGS_config=' -Wa,--noexecstack'
AUTOCONF='no'
AWK='gawk'
BASH_SHELL='/usr/bin/bash'
BISON='bison'
BUILD_CC=''
CC='gcc -m64'
CFLAGS='-O2'
CPP='gcc -m64 -E'
CPPFLAGS=''
CPPUNDEFS='-U_FORTIFY_SOURCE'
CXX='g++ -m64'
CXXFLAGS='-O2'
CXX_BITS_STD_ABS_H='/usr/include/c++/11/bits/std_abs.h'
CXX_CMATH_HEADER='/usr/include/c++/11/cmath'
CXX_CSTDLIB_HEADER='/usr/include/c++/11/cstdlib'
CXX_SYSINCLUDES=''
DEFINES=''
DEFS='-DHAVE_CONFIG_H'
ECHO_C=''
ECHO_N='-n'
ECHO_T=''
GPROF='gprof'
INSTALL_DATA='${INSTALL} -m 644'
INSTALL_INFO='/usr/bin/install-info'
INSTALL_PROGRAM='${INSTALL}'
INSTALL_SCRIPT='${INSTALL}'
LD='ld'
LDFLAGS=''
LIBGD='no'
LIBOBJS=''
LIBS=''
LN_S='ln -s'
LTLIBOBJS=''
MAKE='gmake'
MAKEINFO=':'
MSGFMT=':'
NM='x86_64-linux-gnu-nm'
OBJCOPY='objcopy'
OBJDUMP='objdump'
OBJEXT='o'
PACKAGE_BUGREPORT='https://sourceware.org/bugzilla/'
PACKAGE_NAME='GNU C Library'
PACKAGE_STRING='GNU C Library (see version.h)'
PACKAGE_TARNAME='glibc'
PACKAGE_URL='https://www.gnu.org/software/glibc/'
PACKAGE_VERSION='(see version.h)'
PATH_SEPARATOR=':'
PERL='/usr/bin/perl'
PKGVERSION='(GNU libc) '
PKGVERSION_TEXI='(GNU libc) '
PYTHON='python3 -B'
PYTHON_PROG='python3'
READELF='x86_64-linux-gnu-readelf'
RELEASE='stable'
REPORT_BUGS_TEXI='@uref{https://www.gnu.org/software/libc/bugs.html}'
REPORT_BUGS_TO='<https://www.gnu.org/software/libc/bugs.html>'
SED='sed'
SHELL='/bin/bash'
SYSINCLUDES=''
VERSION='2.35'
ac_ct_CC=''
ac_ct_CXX=''
all_warnings=''
base_machine='x86_64'
bindir='${exec_prefix}/bin'
bindnow='no'
build='x86_64-pc-linux-gnu'
build_alias='x86_64-linux-gnu'
build_cpu='x86_64'
build_crypt='yes'
build_nscd='yes'
build_os='linux-gnu'
build_pt_chown='no'
build_vendor='pc'
cross_compiling='no'
datadir='${datarootdir}'
datarootdir='${prefix}/share'
docdir='${datarootdir}/doc/${PACKAGE_TARNAME}'
dvidir='${docdir}'
enable_timezone_tools='yes'
enable_werror='yes'
exec_prefix='${prefix}'
experimental_malloc='yes'
extra_nonshared_cflags=''
fno_unit_at_a_time='-fno-toplevel-reorder -fno-section-anchors'
force_install='yes'
hardcoded_path_in_tests='no'
have_libaudit=''
have_libcap=''
have_selinux='no'
have_tunables='yes'
host='x86_64-pc-linux-gnu'
host_alias='x86_64-linux-gnu'
host_cpu='x86_64'
host_os='linux-gnu'
host_vendor='pc'
htmldir='${docdir}'
includedir='${prefix}/include'
infodir='${datarootdir}/info'
ldd_rewrite_script='sysdeps/unix/sysv/linux/x86_64/ldd-rewrite.sed'
libc_cv_cc_loop_to_function='yes'
libc_cv_cc_nofma='-ffp-contract=off'
libc_cv_cc_submachine=''
libc_cv_cc_with_libunwind='no'
libc_cv_complocaledir=''
libc_cv_cxx_thread_local='yes'
libc_cv_fpie='yes'
libc_cv_gcc_unwind_find_fde='no'
libc_cv_has_glob_dat='yes'
libc_cv_hashstyle='yes'
libc_cv_insert='yes'
libc_cv_localstatedir='${prefix}/var'
libc_cv_mtls_dialect_gnu2='yes'
libc_cv_multidir='.'
libc_cv_nss_crypt='no'
libc_cv_protected_data='yes'
libc_cv_rootsbindir=''
libc_cv_rtlddir=''
libc_cv_slibdir=''
libc_cv_ssp='yes'
libc_cv_static_nss_crypt='no'
libc_cv_sysconfdir='${prefix}/etc'
libc_cv_textrel_ifunc='yes'
libc_cv_with_fp='yes'
libc_cv_z_combreloc='yes'
libc_cv_z_execstack='yes'
libc_extra_cflags=''
libc_extra_cppflags=''
libdir='${exec_prefix}/lib'
libexecdir='${exec_prefix}/libexec'
localedir='${datarootdir}/locale'
localstatedir='${prefix}/var'
mach_interface_list=''
mandir='${datarootdir}/man'
memory_tagging='no'
multi_arch='default'
no_stack_protector='-fno-stack-protector -DSTACK_PROTECTOR_LEVEL=0'
oldincludedir='/usr/include'
pdfdir='${docdir}'
prefix='/home/uprhan/hanglibc/install'
profile='no'
program_transform_name='s,x,x,'
psdir='${docdir}'
pthread_in_libc='yes'
rtld_early_cflags=''
runstatedir='${localstatedir}/run'
sbindir='${exec_prefix}/sbin'
shared='yes'
sharedstatedir='${prefix}/com'
stack_protector='-fno-stack-protector'
static=''
static_nss='no'
subdirs=' '
submachine=''
sysconfdir='${prefix}/etc'
sysheaders=''
sysnames=' sysdeps/unix/sysv/linux/x86_64/64 sysdeps/unix/sysv/linux/x86_64 sysdeps/unix/sysv/linux/x86 sysdeps/x86/nptl sysdeps/unix/sysv/linux/wordsize-64 sysdeps/x86_64/nptl sysdeps/unix/sysv/linux sysdeps/nptl sysdeps/pthread sysdeps/gnu sysdeps/unix/inet sysdeps/unix/sysv sysdeps/unix/x86_64 sysdeps/unix sysdeps/posix sysdeps/x86_64/64 sysdeps/x86_64/fpu/multiarch sysdeps/x86_64/fpu sysdeps/x86/fpu sysdeps/x86_64/multiarch sysdeps/x86_64 sysdeps/x86 sysdeps/ieee754/float128 sysdeps/ieee754/ldbl-96 sysdeps/ieee754/dbl-64 sysdeps/ieee754/flt-32 sysdeps/wordsize-64 sysdeps/ieee754 sysdeps/generic'
target_alias=''
use_default_link='yes'
use_ldconfig='yes'
use_nscd='yes'

## ----------- ##
## confdefs.h. ##
## ----------- ##

/* confdefs.h */
#define PACKAGE_NAME "GNU C Library"
#define PACKAGE_TARNAME "glibc"
#define PACKAGE_VERSION "(see version.h)"
#define PACKAGE_STRING "GNU C Library (see version.h)"
#define PACKAGE_BUGREPORT "https://sourceware.org/bugzilla/"
#define PACKAGE_URL "https://www.gnu.org/software/glibc/"
#define PKGVERSION "(GNU libc) "
#define REPORT_BUGS_TO "<https://www.gnu.org/software/libc/bugs.html>"
#define TIMEOUTFACTOR 1
#define HAVE_TUNABLES 1
#define USE_PPC_SCV 1
#define HAVE_CC_NO_STACK_PROTECTOR 1
#define STACK_PROTECTOR_LEVEL 0
#define HAVE_GNU_RETAIN 1
#define USE_MULTIARCH 1
#define HAVE_ASM_SET_DIRECTIVE 1
#define HAVE_Z_COMBRELOC 1
#define HAVE_BUILTIN_MEMSET 1
#define HAVE_CC_INHIBIT_LOOP_TO_LIBCALL 1
#define HAVE_BUILTIN_TRAP 1
#define __LINUX_KERNEL_VERSION (3 * 65536 + 2 * 256 + 0)
#define __ABI_TAG_VERSION 3,2,0
#define HAVE_INLINED_SYSCALLS 1
#define PI_STATIC_AND_HIDDEN 1
#define SUPPORT_STATIC_PIE 1
#define DEFAULT_DL_X86_CET_CONTROL cet_elf_property
#define INCLUDE_X86_ISA_LEVEL 1
#define HAVE_IFUNC 1
#define HAVE_GCC_IFUNC 1
#define USE_NSCD 1
#define USE_LDCONFIG 1
#define ENABLE_STATIC_PIE 1
#define PTHREAD_IN_LIBC 1

configure: exit 0
